
The following is logged from get_action_title()
in /home/customer/www/bodyworxmassage.ie/public_html/wp-content/plugins/simply-schedule-appointments/includes/class-revision-model.php line 732:

... insert_revision_appointment_type()
in /home/customer/www/bodyworxmassage.ie/public_html/wp-content/plugins/simply-schedule-appointments/includes/class-revision-model.php line 1005:

...... insert_revision_updated_appointment_type()
in /home/customer/www/bodyworxmassage.ie/public_html/wp-content/plugins/simply-schedule-appointments/includes/class-revision-model.php line 1097:
[2023-10-16 11:02:10] Action does not exist in get_action_title


The following is logged from get_action_title()
in /home/customer/www/bodyworxmassage.ie/public_html/wp-content/plugins/simply-schedule-appointments/includes/class-revision-model.php line 732:

... insert_revision_appointment_type()
in /home/customer/www/bodyworxmassage.ie/public_html/wp-content/plugins/simply-schedule-appointments/includes/class-revision-model.php line 1005:

...... insert_revision_updated_appointment_type()
in /home/customer/www/bodyworxmassage.ie/public_html/wp-content/plugins/simply-schedule-appointments/includes/class-revision-model.php line 1097:
[2023-10-16 11:02:10] Action does not exist in get_action_title


The following is logged from get_action_title()
in /home/customer/www/bodyworxmassage.ie/public_html/wp-content/plugins/simply-schedule-appointments/includes/class-revision-model.php line 732:

... insert_revision_appointment_type()
in /home/customer/www/bodyworxmassage.ie/public_html/wp-content/plugins/simply-schedule-appointments/includes/class-revision-model.php line 1005:

...... insert_revision_updated_appointment_type()
in /home/customer/www/bodyworxmassage.ie/public_html/wp-content/plugins/simply-schedule-appointments/includes/class-revision-model.php line 1097:
[2023-10-16 11:03:07] Action does not exist in get_action_title


The following is logged from get_action_title()
in /home/customer/www/bodyworxmassage.ie/public_html/wp-content/plugins/simply-schedule-appointments/includes/class-revision-model.php line 732:

... insert_revision_appointment_type()
in /home/customer/www/bodyworxmassage.ie/public_html/wp-content/plugins/simply-schedule-appointments/includes/class-revision-model.php line 1005:

...... insert_revision_updated_appointment_type()
in /home/customer/www/bodyworxmassage.ie/public_html/wp-content/plugins/simply-schedule-appointments/includes/class-revision-model.php line 1097:
[2023-10-16 11:03:07] Action does not exist in get_action_title


The following is logged from get_action_title()
in /home/customer/www/bodyworxmassage.ie/public_html/wp-content/plugins/simply-schedule-appointments/includes/class-revision-model.php line 732:

... insert_revision_appointment_type()
in /home/customer/www/bodyworxmassage.ie/public_html/wp-content/plugins/simply-schedule-appointments/includes/class-revision-model.php line 1005:

...... insert_revision_updated_appointment_type()
in /home/customer/www/bodyworxmassage.ie/public_html/wp-content/plugins/simply-schedule-appointments/includes/class-revision-model.php line 1097:
[2023-10-16 11:03:30] Action does not exist in get_action_title


The following is logged from get_action_title()
in /home/customer/www/bodyworxmassage.ie/public_html/wp-content/plugins/simply-schedule-appointments/includes/class-revision-model.php line 732:

... insert_revision_appointment_type()
in /home/customer/www/bodyworxmassage.ie/public_html/wp-content/plugins/simply-schedule-appointments/includes/class-revision-model.php line 1005:

...... insert_revision_updated_appointment_type()
in /home/customer/www/bodyworxmassage.ie/public_html/wp-content/plugins/simply-schedule-appointments/includes/class-revision-model.php line 1097:
[2023-10-16 11:03:30] Action does not exist in get_action_title

